<?xml version="1.0" encoding="UTF-8"?>
<!-- Generated by org.testng.reporters.JUnitReportReporter -->
<testsuite skipped="0" hostname="DESKTOP-RETMNBO" name="SpareRoomTNG" tests="3" failures="0" timestamp="2020-09-30T19:30:44 BST" time="34.792" errors="0">
  <testcase name="launch" time="11.252" classname="SpareRoomTNG"/>
  <system-out/>
  <testcase name="launch" time="12.334" classname="SpareRoomTNG"/>
  <system-out/>
  <testcase name="launch" time="11.206" classname="SpareRoomTNG"/>
  <system-out/>
</testsuite> <!-- SpareRoomTNG -->
