<?xml version="1.0" encoding="UTF-8"?>
<!-- Generated by org.testng.reporters.JUnitReportReporter -->
<testsuite skipped="0" hostname="DESKTOP-RETMNBO" name="ui.GroupDemoTest2" tests="8" failures="0" timestamp="2020-09-14T12:07:31 BST" time="0.020" errors="0">
  <testcase name="bTest3" time="0.001" classname="ui.GroupDemoTest2"/>
  <system-out/>
  <testcase name="bTest4" time="0.003" classname="ui.GroupDemoTest2"/>
  <system-out/>
  <testcase name="bTest4" time="0.001" classname="ui.GroupDemoTest2"/>
  <system-out/>
  <testcase name="bTest3" time="0.002" classname="ui.GroupDemoTest2"/>
  <system-out/>
  <testcase name="aTest1" time="0.003" classname="ui.GroupDemoTest2"/>
  <system-out/>
  <testcase name="aTest1" time="0.002" classname="ui.GroupDemoTest2"/>
  <system-out/>
  <testcase name="bTest2" time="0.006" classname="ui.GroupDemoTest2"/>
  <system-out/>
  <testcase name="bTest2" time="0.002" classname="ui.GroupDemoTest2"/>
  <system-out/>
</testsuite> <!-- ui.GroupDemoTest2 -->
