<?xml version="1.0" encoding="UTF-8"?>
<!-- Generated by org.testng.reporters.JUnitReportReporter -->
<testsuite skipped="0" hostname="DESKTOP-RETMNBO" name="ui.VerifyTitleAndTextTest" tests="1" failures="0" timestamp="2020-09-14T09:30:19 BST" time="4.398" errors="0">
  <testcase name="titleTest" time="4.398" classname="ui.VerifyTitleAndTextTest"/>
  <system-out/>
</testsuite> <!-- ui.VerifyTitleAndTextTest -->
