<?xml version="1.0" encoding="UTF-8"?>
<!-- Generated by org.testng.reporters.JUnitReportReporter -->
<testsuite skipped="0" hostname="DESKTOP-RETMNBO" name="KenkoTNG" tests="1" failures="0" timestamp="2020-10-06T21:54:34 BST" time="7.482" errors="0">
  <testcase name="kenko" time="7.482" classname="KenkoTNG"/>
  <system-out/>
</testsuite> <!-- KenkoTNG -->
