<?xml version="1.0" encoding="UTF-8"?>
<!-- Generated by org.testng.reporters.JUnitReportReporter -->
<testsuite skipped="0" hostname="DESKTOP-RETMNBO" name="ui.KenkoTNG" tests="1" failures="0" timestamp="2020-09-16T17:10:32 BST" time="7.271" errors="0">
  <testcase name="kenko" time="7.271" classname="ui.KenkoTNG"/>
  <system-out/>
</testsuite> <!-- ui.KenkoTNG -->
