<?xml version="1.0" encoding="UTF-8"?>
<!-- Generated by org.testng.reporters.JUnitReportReporter -->
<testsuite skipped="0" hostname="DESKTOP-RETMNBO" name="DouglasFry" tests="1" failures="0" timestamp="2020-10-18T16:44:42 BST" time="3.081" errors="0">
  <testcase name="douglas" time="3.081" classname="DouglasFry"/>
  <system-out/>
</testsuite> <!-- DouglasFry -->
