<?xml version="1.0" encoding="UTF-8"?>
<!-- Generated by org.testng.reporters.JUnitReportReporter -->
<testsuite skipped="3" hostname="DESKTOP-RETMNBO" name="ui.SkipDemoTest" tests="3" failures="0" timestamp="2020-09-14T12:07:31 BST" time="0.012" errors="0">
  <testcase name="skipTest2" time="0.009" classname="ui.SkipDemoTest">
    <skipped/>
  </testcase> <!-- skipTest2 -->
  <system-out/>
  <testcase name="skipTest3" time="0.003" classname="ui.SkipDemoTest">
    <skipped/>
  </testcase> <!-- skipTest3 -->
  <system-out/>
  <testcase name="skipTest1" classname="ui.SkipDemoTest">
    <skipped/>
  </testcase> <!-- skipTest1 -->
  <system-out/>
</testsuite> <!-- ui.SkipDemoTest -->
