<?xml version="1.0" encoding="UTF-8"?>
<!-- Generated by org.testng.reporters.JUnitReportReporter -->
<testsuite skipped="0" hostname="DESKTOP-RETMNBO" name="ui.GroupDemoTest" tests="4" failures="0" timestamp="2020-09-15T23:55:59 BST" time="0.014" errors="0">
  <testcase name="bTest3" time="0.006" classname="ui.GroupDemoTest"/>
  <system-out/>
  <testcase name="bTest4" time="0.004" classname="ui.GroupDemoTest"/>
  <system-out/>
  <testcase name="aTest1" time="0.002" classname="ui.GroupDemoTest"/>
  <system-out/>
  <testcase name="bTest2" time="0.002" classname="ui.GroupDemoTest"/>
  <system-out/>
</testsuite> <!-- ui.GroupDemoTest -->
