<?xml version="1.0" encoding="UTF-8"?>
<!-- Generated by org.testng.reporters.JUnitReportReporter -->
<testsuite skipped="0" hostname="DESKTOP-RETMNBO" name="ui.LoginTest" tests="2" failures="0" timestamp="2020-09-14T12:07:31 BST" time="0.009" errors="0">
  <testcase name="aTest1" time="0.005" classname="ui.LoginTest"/>
  <system-out/>
  <testcase name="aTest2" time="0.004" classname="ui.LoginTest"/>
  <system-out/>
</testsuite> <!-- ui.LoginTest -->
