<?xml version="1.0" encoding="UTF-8"?>
<!-- Generated by org.testng.reporters.JUnitReportReporter -->
<testsuite skipped="0" hostname="DESKTOP-RETMNBO" name="testcases.SpareRoomTNG" tests="3" failures="0" timestamp="2020-10-18T16:46:36 BST" time="28.149" errors="0">
  <testcase name="launch" time="9.791" classname="testcases.SpareRoomTNG"/>
  <system-out/>
  <testcase name="launch" time="9.552" classname="testcases.SpareRoomTNG"/>
  <system-out/>
  <testcase name="launch" time="8.806" classname="testcases.SpareRoomTNG"/>
  <system-out/>
</testsuite> <!-- testcases.SpareRoomTNG -->
