<?xml version="1.0" encoding="UTF-8"?>
<!-- Generated by org.testng.reporters.JUnitReportReporter -->
<testsuite skipped="0" hostname="DESKTOP-RETMNBO" name="ui.DataProviderDemoTest2" tests="4" failures="0" timestamp="2020-09-16T17:48:38 BST" time="24.246" errors="0">
  <testcase name="test" time="6.112" classname="ui.DataProviderDemoTest2"/>
  <system-out/>
  <testcase name="test" time="4.079" classname="ui.DataProviderDemoTest2"/>
  <system-out/>
  <testcase name="test" time="4.182" classname="ui.DataProviderDemoTest2"/>
  <system-out/>
  <testcase name="test" time="9.873" classname="ui.DataProviderDemoTest2"/>
  <system-out/>
</testsuite> <!-- ui.DataProviderDemoTest2 -->
