<?xml version="1.0" encoding="UTF-8"?>
<!-- Generated by org.testng.reporters.JUnitReportReporter -->
<testsuite skipped="0" hostname="DESKTOP-RETMNBO" name="ui.DataProviderDemoTest" tests="12" failures="0" timestamp="2020-09-16T22:34:30 BST" time="0.048" errors="0">
  <testcase name="test2" time="0.005" classname="ui.DataProviderDemoTest"/>
  <system-out/>
  <testcase name="test" time="0.003" classname="ui.DataProviderDemoTest"/>
  <system-out/>
  <testcase name="test" time="0.002" classname="ui.DataProviderDemoTest"/>
  <system-out/>
  <testcase name="test" time="0.003" classname="ui.DataProviderDemoTest"/>
  <system-out/>
  <testcase name="test2" time="0.002" classname="ui.DataProviderDemoTest"/>
  <system-out/>
  <testcase name="test2" time="0.005" classname="ui.DataProviderDemoTest"/>
  <system-out/>
  <testcase name="test1" time="0.002" classname="ui.DataProviderDemoTest"/>
  <system-out/>
  <testcase name="test1" time="0.008" classname="ui.DataProviderDemoTest"/>
  <system-out/>
  <testcase name="test2" time="0.003" classname="ui.DataProviderDemoTest"/>
  <system-out/>
  <testcase name="test1" time="0.002" classname="ui.DataProviderDemoTest"/>
  <system-out/>
  <testcase name="test" time="0.008" classname="ui.DataProviderDemoTest"/>
  <system-out/>
  <testcase name="test1" time="0.005" classname="ui.DataProviderDemoTest"/>
  <system-out/>
</testsuite> <!-- ui.DataProviderDemoTest -->
