<?xml version="1.0" encoding="UTF-8"?>
<!-- Generated by org.testng.reporters.JUnitReportReporter -->
<testsuite skipped="0" hostname="DESKTOP-RETMNBO" name="testcases.DouglasFry" tests="1" failures="0" timestamp="2020-10-18T19:34:24 BST" time="2.821" errors="0">
  <testcase name="douglas" time="2.821" classname="testcases.DouglasFry"/>
  <system-out/>
</testsuite> <!-- testcases.DouglasFry -->
