<?xml version="1.0" encoding="UTF-8"?>
<!-- Generated by org.testng.reporters.JUnitReportReporter -->
<testsuite skipped="0" hostname="DESKTOP-RETMNBO" name="testcases.KenkoTNG" tests="2" failures="0" timestamp="2020-10-24T20:04:40 BST" time="12.584" errors="0">
  <testcase name="kenko" time="3.116" classname="testcases.KenkoTNG"/>
  <system-out/>
  <testcase name="secondPage" time="9.468" classname="testcases.KenkoTNG"/>
  <system-out/>
</testsuite> <!-- testcases.KenkoTNG -->
