<?xml version="1.0" encoding="UTF-8"?>
<!-- Generated by org.testng.reporters.JUnitReportReporter -->
<testsuite skipped="0" hostname="DESKTOP-RETMNBO" name="ui.ProjectSpareRoomTNG" tests="1" failures="0" timestamp="2020-09-16T17:20:18 BST" time="0.670" errors="0">
  <testcase name="spare" time="0.670" classname="ui.ProjectSpareRoomTNG"/>
  <system-out/>
</testsuite> <!-- ui.ProjectSpareRoomTNG -->
